<?xml version="1.0" encoding="UTF-8"?>
<testsuite xmlns:xsi="http://www.w3.org/2001/XMLSchema-instance" xsi:noNamespaceSchemaLocation="https://maven.apache.org/surefire/maven-surefire-plugin/xsd/surefire-test-report.xsd" version="3.0.2" name="dslab.ClientCLITest" time="7.345" tests="35" errors="0" skipped="0" failures="0">
  <properties>
    <property name="java.specification.version" value="21"/>
    <property name="sun.jnu.encoding" value="UTF-8"/>
    <property name="java.class.path" value="/home/niklas/Documents/Uni/DS/2024ws-assignment1-nikiblauer/target/test-classes:/home/niklas/Documents/Uni/DS/2024ws-assignment1-nikiblauer/target/classes:/home/niklas/.m2/repository/org/slf4j/slf4j-api/2.0.16/slf4j-api-2.0.16.jar:/home/niklas/.m2/repository/org/slf4j/slf4j-simple/2.0.16/slf4j-simple-2.0.16.jar:/home/niklas/.m2/repository/org/projectlombok/lombok/1.18.34/lombok-1.18.34.jar:/home/niklas/.m2/repository/org/junit/jupiter/junit-jupiter-engine/5.11.0/junit-jupiter-engine-5.11.0.jar:/home/niklas/.m2/repository/org/junit/platform/junit-platform-engine/1.11.0/junit-platform-engine-1.11.0.jar:/home/niklas/.m2/repository/org/apiguardian/apiguardian-api/1.1.2/apiguardian-api-1.1.2.jar:/home/niklas/.m2/repository/org/junit/jupiter/junit-jupiter-api/5.11.0/junit-jupiter-api-5.11.0.jar:/home/niklas/.m2/repository/org/opentest4j/opentest4j/1.3.0/opentest4j-1.3.0.jar:/home/niklas/.m2/repository/org/junit/platform/junit-platform-commons/1.11.0/junit-platform-commons-1.11.0.jar:/home/niklas/.m2/repository/org/junit/jupiter/junit-jupiter-params/5.11.0/junit-jupiter-params-5.11.0.jar:/home/niklas/.m2/repository/org/assertj/assertj-core/3.26.3/assertj-core-3.26.3.jar:/home/niklas/.m2/repository/net/bytebuddy/byte-buddy/1.14.18/byte-buddy-1.14.18.jar:/home/niklas/.m2/repository/org/awaitility/awaitility/4.2.2/awaitility-4.2.2.jar:/home/niklas/.m2/repository/org/hamcrest/hamcrest/2.1/hamcrest-2.1.jar:"/>
    <property name="java.vm.vendor" value="Ubuntu"/>
    <property name="sun.arch.data.model" value="64"/>
    <property name="java.vendor.url" value="https://ubuntu.com/"/>
    <property name="os.name" value="Linux"/>
    <property name="java.vm.specification.version" value="21"/>
    <property name="sun.java.launcher" value="SUN_STANDARD"/>
    <property name="user.country" value="US"/>
    <property name="sun.boot.library.path" value="/usr/lib/jvm/java-21-openjdk-amd64/lib"/>
    <property name="sun.java.command" value="/home/niklas/Documents/Uni/DS/2024ws-assignment1-nikiblauer/target/surefire/surefirebooter-20241017110318563_3.jar /home/niklas/Documents/Uni/DS/2024ws-assignment1-nikiblauer/target/surefire 2024-10-17T11-03-18_408-jvmRun1 surefire-20241017110318563_1tmp surefire_0-20241017110318563_2tmp"/>
    <property name="jdk.debug" value="release"/>
    <property name="surefire.test.class.path" value="/home/niklas/Documents/Uni/DS/2024ws-assignment1-nikiblauer/target/test-classes:/home/niklas/Documents/Uni/DS/2024ws-assignment1-nikiblauer/target/classes:/home/niklas/.m2/repository/org/slf4j/slf4j-api/2.0.16/slf4j-api-2.0.16.jar:/home/niklas/.m2/repository/org/slf4j/slf4j-simple/2.0.16/slf4j-simple-2.0.16.jar:/home/niklas/.m2/repository/org/projectlombok/lombok/1.18.34/lombok-1.18.34.jar:/home/niklas/.m2/repository/org/junit/jupiter/junit-jupiter-engine/5.11.0/junit-jupiter-engine-5.11.0.jar:/home/niklas/.m2/repository/org/junit/platform/junit-platform-engine/1.11.0/junit-platform-engine-1.11.0.jar:/home/niklas/.m2/repository/org/apiguardian/apiguardian-api/1.1.2/apiguardian-api-1.1.2.jar:/home/niklas/.m2/repository/org/junit/jupiter/junit-jupiter-api/5.11.0/junit-jupiter-api-5.11.0.jar:/home/niklas/.m2/repository/org/opentest4j/opentest4j/1.3.0/opentest4j-1.3.0.jar:/home/niklas/.m2/repository/org/junit/platform/junit-platform-commons/1.11.0/junit-platform-commons-1.11.0.jar:/home/niklas/.m2/repository/org/junit/jupiter/junit-jupiter-params/5.11.0/junit-jupiter-params-5.11.0.jar:/home/niklas/.m2/repository/org/assertj/assertj-core/3.26.3/assertj-core-3.26.3.jar:/home/niklas/.m2/repository/net/bytebuddy/byte-buddy/1.14.18/byte-buddy-1.14.18.jar:/home/niklas/.m2/repository/org/awaitility/awaitility/4.2.2/awaitility-4.2.2.jar:/home/niklas/.m2/repository/org/hamcrest/hamcrest/2.1/hamcrest-2.1.jar:"/>
    <property name="sun.cpu.endian" value="little"/>
    <property name="user.home" value="/home/niklas"/>
    <property name="user.language" value="en"/>
    <property name="java.specification.vendor" value="Oracle Corporation"/>
    <property name="java.version.date" value="2024-07-16"/>
    <property name="java.home" value="/usr/lib/jvm/java-21-openjdk-amd64"/>
    <property name="file.separator" value="/"/>
    <property name="basedir" value="/home/niklas/Documents/Uni/DS/2024ws-assignment1-nikiblauer"/>
    <property name="java.vm.compressedOopsMode" value="Zero based"/>
    <property name="line.separator" value="&#10;"/>
    <property name="java.specification.name" value="Java Platform API Specification"/>
    <property name="java.vm.specification.vendor" value="Oracle Corporation"/>
    <property name="surefire.real.class.path" value="/home/niklas/Documents/Uni/DS/2024ws-assignment1-nikiblauer/target/surefire/surefirebooter-20241017110318563_3.jar"/>
    <property name="sun.management.compiler" value="HotSpot 64-Bit Tiered Compilers"/>
    <property name="java.runtime.version" value="21.0.4+7-Ubuntu-1ubuntu224.04"/>
    <property name="user.name" value="niklas"/>
    <property name="stdout.encoding" value="UTF-8"/>
    <property name="path.separator" value=":"/>
    <property name="os.version" value="6.8.0-47-generic"/>
    <property name="java.runtime.name" value="OpenJDK Runtime Environment"/>
    <property name="file.encoding" value="UTF-8"/>
    <property name="java.vm.name" value="OpenJDK 64-Bit Server VM"/>
    <property name="localRepository" value="/home/niklas/.m2/repository"/>
    <property name="java.vendor.url.bug" value="https://bugs.launchpad.net/ubuntu/+source/openjdk-21"/>
    <property name="java.io.tmpdir" value="/tmp"/>
    <property name="java.version" value="21.0.4"/>
    <property name="user.dir" value="/home/niklas/Documents/Uni/DS/2024ws-assignment1-nikiblauer"/>
    <property name="os.arch" value="amd64"/>
    <property name="java.vm.specification.name" value="Java Virtual Machine Specification"/>
    <property name="native.encoding" value="UTF-8"/>
    <property name="java.library.path" value="/usr/java/packages/lib:/usr/lib/x86_64-linux-gnu/jni:/lib/x86_64-linux-gnu:/usr/lib/x86_64-linux-gnu:/usr/lib/jni:/lib:/usr/lib"/>
    <property name="java.vm.info" value="mixed mode, sharing"/>
    <property name="stderr.encoding" value="UTF-8"/>
    <property name="java.vendor" value="Ubuntu"/>
    <property name="java.vm.version" value="21.0.4+7-Ubuntu-1ubuntu224.04"/>
    <property name="sun.io.unicode.encoding" value="UnicodeLittle"/>
    <property name="java.class.version" value="65.0"/>
  </properties>
  <testcase name="subscribe_command_without_channel(String)[1]" classname="dslab.ClientCLITest" time="0.162"/>
  <testcase name="subscribe_command_without_channel(String)[2]" classname="dslab.ClientCLITest" time="0.009"/>
  <testcase name="subscribe_command_without_channel(String)[3]" classname="dslab.ClientCLITest" time="0.009"/>
  <testcase name="subscribe_command_without_channel(String)[4]" classname="dslab.ClientCLITest" time="0.009"/>
  <testcase name="empty_newline_command(String)[1]" classname="dslab.ClientCLITest" time="0.122"/>
  <testcase name="empty_newline_command(String)[2]" classname="dslab.ClientCLITest" time="0.423"/>
  <testcase name="empty_newline_command(String)[3]" classname="dslab.ClientCLITest" time="0.228"/>
  <testcase name="subscribe_command(String)[1]" classname="dslab.ClientCLITest" time="0.309"/>
  <testcase name="subscribe_command(String)[2]" classname="dslab.ClientCLITest" time="0.035"/>
  <testcase name="subscribe_command(String)[3]" classname="dslab.ClientCLITest" time="0.156"/>
  <testcase name="subscribe_command(String)[4]" classname="dslab.ClientCLITest" time="0.299"/>
  <testcase name="unknown_command" classname="dslab.ClientCLITest" time="0.043"/>
  <testcase name="publish_command_without_channel(String)[1]" classname="dslab.ClientCLITest" time="0.028"/>
  <testcase name="publish_command_without_channel(String)[2]" classname="dslab.ClientCLITest" time="0.029"/>
  <testcase name="publish_command_without_channel(String)[3]" classname="dslab.ClientCLITest" time="0.013"/>
  <testcase name="publish_command_without_channel(String)[4]" classname="dslab.ClientCLITest" time="0.015"/>
  <testcase name="channel_basic_command_validation" classname="dslab.ClientCLITest" time="0.046"/>
  <testcase name="publish_basic_command_validation" classname="dslab.ClientCLITest" time="0.268"/>
  <testcase name="channel_command" classname="dslab.ClientCLITest" time="0.181"/>
  <testcase name="channel_invalid_config_validation" classname="dslab.ClientCLITest" time="0.066"/>
  <testcase name="displays_correct_prompt(String)[1]" classname="dslab.ClientCLITest" time="0.03"/>
  <testcase name="displays_correct_prompt(String)[2]" classname="dslab.ClientCLITest" time="0.045"/>
  <testcase name="displays_correct_prompt(String)[3]" classname="dslab.ClientCLITest" time="0.028"/>
  <testcase name="publish_command(String)[1]" classname="dslab.ClientCLITest" time="0.113"/>
  <testcase name="publish_command(String)[2]" classname="dslab.ClientCLITest" time="0.198"/>
  <testcase name="publish_command(String)[3]" classname="dslab.ClientCLITest" time="0.177"/>
  <testcase name="publish_command(String)[4]" classname="dslab.ClientCLITest" time="0.191"/>
  <testcase name="shutdown_command_sends_exit" classname="dslab.ClientCLITest" time="0.309"/>
  <testcase name="subscription_correct_callback_and_thread_behaviour(String)[1]" classname="dslab.ClientCLITest" time="0.678"/>
  <testcase name="subscription_correct_callback_and_thread_behaviour(String)[2]" classname="dslab.ClientCLITest" time="0.692"/>
  <testcase name="subscription_correct_callback_and_thread_behaviour(String)[3]" classname="dslab.ClientCLITest" time="0.595"/>
  <testcase name="subscription_correct_callback_and_thread_behaviour(String)[4]" classname="dslab.ClientCLITest" time="0.378"/>
  <testcase name="channel_error_handling" classname="dslab.ClientCLITest" time="0.109"/>
  <testcase name="subscribe_basic_command_validation" classname="dslab.ClientCLITest" time="0.708"/>
  <testcase name="shutdown_basic_command_validation" classname="dslab.ClientCLITest" time="0.162"/>
</testsuite>